<?xml version="1.0" encoding="UTF-8"?>
<!-- Generated by org.testng.reporters.JUnitXMLReporter -->
<testsuite ignored="0" hostname="DESKTOP-P1MMKPT" failures="0" tests="4" name="Default test" time="42.704" errors="0" timestamp="2024-08-22T22:38:58 IST">
  <testcase classname="testNG.TestNGexample" name="Checkifuserrightclick" time="0.181"/>
  <testcase classname="testNG.TestNGexample" name="Checkifuserdoubleclick" time="0.337"/>
  <testcase classname="testNG.TestNGexample" name="bird" time="0.002"/>
  <testcase classname="testNG.TestNGexample" name="pet" time="0.001"/>
</testsuite> <!-- Default test -->
