<?xml version="1.0" encoding="UTF-8"?>
<!-- Generated by org.testng.reporters.JUnitXMLReporter -->
<testsuite ignored="2" hostname="DESKTOP-P1MMKPT" failures="0" tests="4" name="CCI-T89090" time="0.198" errors="0" timestamp="2024-08-26T22:52:10 IST">
  <testcase classname="testNG.GroupingTest" name="addItemToCartTest" time="0.029"/>
  <testcase classname="testNG.GroupingTest" name="invalidLoginTest1" time="0.007"/>
  <testcase classname="testNG.GroupingTest" name="invalidLoginTest2" time="0.006"/>
  <testcase classname="testNG.GroupingTest" name="removeItemFromCartTest" time="0.015"/>
  <testcase classname="testNG.GroupingTest" name="invalidLoginTest" time="0.0">
    <ignored/>
  </testcase> <!-- invalidLoginTest -->
  <testcase classname="testNG.GroupingTest" name="validLoginTest" time="0.0">
    <ignored/>
  </testcase> <!-- validLoginTest -->
</testsuite> <!-- CCI-T89090 -->
