<?xml version="1.0" encoding="UTF-8"?>
<testng-results ignored="0" total="4" passed="4" failed="0" skipped="0">
  <reporter-output>
    <line>
      <![CDATA[Test started]]>
    </line>
    <line>
      <![CDATA[Test Checkifuserrightclick passed]]>
    </line>
    <line>
      <![CDATA[Test passed]]>
    </line>
    <line>
      <![CDATA[Test started]]>
    </line>
    <line>
      <![CDATA[Test passed]]>
    </line>
    <line>
      <![CDATA[Test started]]>
    </line>
    <line>
      <![CDATA[Test passed]]>
    </line>
    <line>
      <![CDATA[Test started]]>
    </line>
    <line>
      <![CDATA[Test passed]]>
    </line>
  </reporter-output>
  <suite started-at="2024-08-22T22:38:15 IST" name="Default suite" finished-at="2024-08-22T22:38:58 IST" duration-ms="42704">
    <groups>
    </groups>
    <test started-at="2024-08-22T22:38:15 IST" name="Default test" finished-at="2024-08-22T22:38:58 IST" duration-ms="42704">
      <class name="testNG.TestNGexample">
        <test-method is-config="true" signature="beforeTest()[pri:0, instance:testNG.TestNGexample@196a42c3]" started-at="2024-08-22T22:38:16 IST" name="beforeTest" finished-at="2024-08-22T22:38:16 IST" duration-ms="18" status="PASS">
          <reporter-output>
          </reporter-output>
        </test-method> <!-- beforeTest -->
        <test-method is-config="true" signature="beforeClass()[pri:0, instance:testNG.TestNGexample@196a42c3]" started-at="2024-08-22T22:38:16 IST" name="beforeClass" finished-at="2024-08-22T22:38:57 IST" duration-ms="41197" status="PASS">
          <reporter-output>
          </reporter-output>
        </test-method> <!-- beforeClass -->
        <test-method is-config="true" signature="beforeMethod()[pri:0, instance:testNG.TestNGexample@196a42c3]" started-at="2024-08-22T22:38:57 IST" name="beforeMethod" finished-at="2024-08-22T22:38:57 IST" duration-ms="1" status="PASS">
          <reporter-output>
            <line>
              <![CDATA[Test started]]>
            </line>
          </reporter-output>
        </test-method> <!-- beforeMethod -->
        <test-method signature="Checkifuserrightclick()[pri:1, instance:testNG.TestNGexample@196a42c3]" started-at="2024-08-22T22:38:57 IST" name="Checkifuserrightclick" finished-at="2024-08-22T22:38:57 IST" duration-ms="181" status="PASS">
          <reporter-output>
            <line>
              <![CDATA[Test Checkifuserrightclick passed]]>
            </line>
          </reporter-output>
        </test-method> <!-- Checkifuserrightclick -->
        <test-method is-config="true" signature="afterMethod()[pri:0, instance:testNG.TestNGexample@196a42c3]" started-at="2024-08-22T22:38:57 IST" name="afterMethod" finished-at="2024-08-22T22:38:57 IST" duration-ms="2" status="PASS">
          <reporter-output>
            <line>
              <![CDATA[Test passed]]>
            </line>
          </reporter-output>
        </test-method> <!-- afterMethod -->
        <test-method is-config="true" signature="beforeMethod()[pri:0, instance:testNG.TestNGexample@196a42c3]" started-at="2024-08-22T22:38:57 IST" name="beforeMethod" finished-at="2024-08-22T22:38:57 IST" duration-ms="2" status="PASS">
          <reporter-output>
            <line>
              <![CDATA[Test started]]>
            </line>
          </reporter-output>
        </test-method> <!-- beforeMethod -->
        <test-method signature="Checkifuserdoubleclick()[pri:2, instance:testNG.TestNGexample@196a42c3]" started-at="2024-08-22T22:38:57 IST" name="Checkifuserdoubleclick" finished-at="2024-08-22T22:38:57 IST" duration-ms="337" status="PASS">
          <reporter-output>
          </reporter-output>
        </test-method> <!-- Checkifuserdoubleclick -->
        <test-method is-config="true" signature="afterMethod()[pri:0, instance:testNG.TestNGexample@196a42c3]" started-at="2024-08-22T22:38:57 IST" name="afterMethod" finished-at="2024-08-22T22:38:57 IST" duration-ms="0" status="PASS">
          <reporter-output>
            <line>
              <![CDATA[Test passed]]>
            </line>
          </reporter-output>
        </test-method> <!-- afterMethod -->
        <test-method is-config="true" signature="beforeMethod()[pri:0, instance:testNG.TestNGexample@196a42c3]" started-at="2024-08-22T22:38:57 IST" name="beforeMethod" finished-at="2024-08-22T22:38:57 IST" duration-ms="1" status="PASS">
          <reporter-output>
            <line>
              <![CDATA[Test started]]>
            </line>
          </reporter-output>
        </test-method> <!-- beforeMethod -->
        <test-method signature="bird()[pri:3, instance:testNG.TestNGexample@196a42c3]" started-at="2024-08-22T22:38:57 IST" name="bird" finished-at="2024-08-22T22:38:57 IST" duration-ms="2" status="PASS">
          <reporter-output>
          </reporter-output>
        </test-method> <!-- bird -->
        <test-method is-config="true" signature="afterMethod()[pri:0, instance:testNG.TestNGexample@196a42c3]" started-at="2024-08-22T22:38:57 IST" name="afterMethod" finished-at="2024-08-22T22:38:57 IST" duration-ms="2" status="PASS">
          <reporter-output>
            <line>
              <![CDATA[Test passed]]>
            </line>
          </reporter-output>
        </test-method> <!-- afterMethod -->
        <test-method is-config="true" signature="beforeMethod()[pri:0, instance:testNG.TestNGexample@196a42c3]" started-at="2024-08-22T22:38:57 IST" name="beforeMethod" finished-at="2024-08-22T22:38:57 IST" duration-ms="3" status="PASS">
          <reporter-output>
            <line>
              <![CDATA[Test started]]>
            </line>
          </reporter-output>
        </test-method> <!-- beforeMethod -->
        <test-method signature="pet()[pri:4, instance:testNG.TestNGexample@196a42c3]" started-at="2024-08-22T22:38:57 IST" name="pet" finished-at="2024-08-22T22:38:57 IST" duration-ms="1" status="PASS">
          <reporter-output>
          </reporter-output>
        </test-method> <!-- pet -->
        <test-method is-config="true" signature="afterMethod()[pri:0, instance:testNG.TestNGexample@196a42c3]" started-at="2024-08-22T22:38:57 IST" name="afterMethod" finished-at="2024-08-22T22:38:57 IST" duration-ms="1" status="PASS">
          <reporter-output>
            <line>
              <![CDATA[Test passed]]>
            </line>
          </reporter-output>
        </test-method> <!-- afterMethod -->
        <test-method is-config="true" signature="afterClass()[pri:0, instance:testNG.TestNGexample@196a42c3]" started-at="2024-08-22T22:38:57 IST" name="afterClass" finished-at="2024-08-22T22:38:58 IST" duration-ms="859" status="PASS">
          <reporter-output>
          </reporter-output>
        </test-method> <!-- afterClass -->
        <test-method is-config="true" signature="afterTest()[pri:0, instance:testNG.TestNGexample@196a42c3]" started-at="2024-08-22T22:38:58 IST" name="afterTest" finished-at="2024-08-22T22:38:58 IST" duration-ms="1" status="PASS">
          <reporter-output>
          </reporter-output>
        </test-method> <!-- afterTest -->
      </class> <!-- testNG.TestNGexample -->
    </test> <!-- Default test -->
  </suite> <!-- Default suite -->
</testng-results>
