<?xml version="1.0" encoding="UTF-8"?>
<testng-results ignored="0" total="2" passed="2" failed="0" skipped="0">
  <reporter-output>
  </reporter-output>
  <suite started-at="2024-08-26T23:07:39 IST" name="Suite" finished-at="2024-08-26T23:07:57 IST" duration-ms="18099">
    <groups>
    </groups>
    <test started-at="2024-08-26T23:07:39 IST" name="ParametrisingEx" finished-at="2024-08-26T23:07:49 IST" duration-ms="9405">
      <class name="testNG.ParameteringEx1">
        <test-method signature="loginTest(java.lang.String,java.lang.String)[pri:0, instance:testNG.ParameteringEx1@1ed4ae0f]" started-at="2024-08-26T23:07:40 IST" name="loginTest" finished-at="2024-08-26T23:07:49 IST" duration-ms="9261" status="PASS">
          <params>
            <param index="0">
              <value>
                <![CDATA[standard_user]]>
              </value>
            </param>
            <param index="1">
              <value>
                <![CDATA[secret_sauce]]>
              </value>
            </param>
          </params>
          <reporter-output>
          </reporter-output>
        </test-method> <!-- loginTest -->
      </class> <!-- testNG.ParameteringEx1 -->
    </test> <!-- ParametrisingEx -->
    <test started-at="2024-08-26T23:07:49 IST" name="ParametrisingEx2" finished-at="2024-08-26T23:07:57 IST" duration-ms="8131">
      <class name="testNG.ParameteringEx1">
        <test-method signature="loginTest(java.lang.String,java.lang.String)[pri:0, instance:testNG.ParameteringEx1@1750fbeb]" started-at="2024-08-26T23:07:49 IST" name="loginTest" finished-at="2024-08-26T23:07:57 IST" duration-ms="8112" status="PASS">
          <params>
            <param index="0">
              <value>
                <![CDATA[standard_user]]>
              </value>
            </param>
            <param index="1">
              <value>
                <![CDATA[secret_sauce]]>
              </value>
            </param>
          </params>
          <reporter-output>
          </reporter-output>
        </test-method> <!-- loginTest -->
      </class> <!-- testNG.ParameteringEx1 -->
    </test> <!-- ParametrisingEx2 -->
  </suite> <!-- Suite -->
</testng-results>
